#
# There is insufficient memory for the Java Runtime Environment to continue.
# Native memory allocation (malloc) failed to allocate 1058816 bytes for Chunk::new
# Possible reasons:
#   The system is out of physical RAM or swap space
#   The process is running with CompressedOops enabled, and the Java Heap may be blocking the growth of the native heap
# Possible solutions:
#   Reduce memory load on the system
#   Increase physical memory or swap space
#   Check if swap backing store is full
#   Decrease Java heap size (-Xmx/-Xms)
#   Decrease number of Java threads
#   Decrease Java thread stack sizes (-Xss)
#   Set larger code cache with -XX:ReservedCodeCacheSize=
#   JVM is running with Unscaled Compressed Oops mode in which the Java heap is
#     placed in the first 4GB address space. The Java Heap base address is the
#     maximum limit for the native heap growth. Please use -XX:HeapBaseMinAddress
#     to set the Java Heap base and to place the Java Heap above 4GB virtual address.
# This output file may be truncated or incomplete.
#
#  Out of Memory Error (allocation.cpp:389), pid=14232, tid=0x0000000000000c10
#
# JRE version: Java(TM) SE Runtime Environment (8.0_271-b09) (build 1.8.0_271-b09)
# Java VM: Java HotSpot(TM) 64-Bit Server VM (25.271-b09 mixed mode windows-amd64 compressed oops)
# Failed to write core dump. Minidumps are not enabled by default on client versions of Windows
#

---------------  T H R E A D  ---------------

Current thread (0x00000155243e1000):  JavaThread "C2 CompilerThread0" daemon [_thread_in_native, id=3088, stack(0x00000031f5600000,0x00000031f5700000)]

Stack: [0x00000031f5600000,0x00000031f5700000]
Native frames: (J=compiled Java code, j=interpreted, Vv=VM code, C=native code)
V  [jvm.dll+0x33f6c9]
V  [jvm.dll+0x286122]
V  [jvm.dll+0x286dcd]
V  [jvm.dll+0x27d805]
V  [jvm.dll+0xe574c]
V  [jvm.dll+0xe5f4c]
V  [jvm.dll+0x462b72]
V  [jvm.dll+0x49df9d]
V  [jvm.dll+0x452bf1]
V  [jvm.dll+0x44feb4]
V  [jvm.dll+0x43aef7]
V  [jvm.dll+0xbc3eb]
V  [jvm.dll+0xbaa4b]
V  [jvm.dll+0x24e7c2]
V  [jvm.dll+0x2a2dcc]
C  [ucrtbase.dll+0x26c0c]
C  [KERNEL32.DLL+0x154e0]
C  [ntdll.dll+0x485b]


Current CompileTask:
C2:  18750 15157 %     4       com.android.tools.r8.ir.conversion.L::a @ 340 (958 bytes)


---------------  P R O C E S S  ---------------

Java Threads: ( => current thread )
  0x000001552bf40000 JavaThread "WorkerExecutor Queue" [_thread_blocked, id=2268, stack(0x00000031ffb00000,0x00000031ffc00000)]
  0x000001552bf3e800 JavaThread "Cache worker for execution history cache (E:\android-room-with-a-view-kotlin\.gradle\6.7.1\executionHistory)" [_thread_blocked, id=7672, stack(0x00000031ffa00000,0x00000031ffb00000)]
  0x000001552bf40800 JavaThread "Execution worker for ':' Thread 7" [_thread_blocked, id=14240, stack(0x00000031ff900000,0x00000031ffa00000)]
  0x000001552bf3f000 JavaThread "Execution worker for ':' Thread 6" [_thread_blocked, id=14160, stack(0x00000031ff800000,0x00000031ff900000)]
  0x000001552bf37000 JavaThread "Execution worker for ':' Thread 5" [_thread_blocked, id=9160, stack(0x00000031ff700000,0x00000031ff800000)]
  0x000001552bf3d800 JavaThread "Execution worker for ':' Thread 4" [_thread_blocked, id=8744, stack(0x00000031ff600000,0x00000031ff700000)]
  0x000001552bf3d000 JavaThread "Execution worker for ':' Thread 3" [_thread_blocked, id=14228, stack(0x00000031ff500000,0x00000031ff600000)]
  0x000001552bf3c000 JavaThread "Execution worker for ':' Thread 2" [_thread_blocked, id=14104, stack(0x00000031ff400000,0x00000031ff500000)]
  0x000001552bf3b800 JavaThread "Execution worker for ':'" [_thread_blocked, id=2608, stack(0x00000031ff300000,0x00000031ff400000)]
  0x000001552bf3a800 JavaThread "build event listener" [_thread_blocked, id=5928, stack(0x00000031ff200000,0x00000031ff300000)]
  0x000001552bf3a000 JavaThread "pool-3-thread-1" [_thread_blocked, id=4208, stack(0x00000031ff100000,0x00000031ff200000)]
  0x000001552bf32800 JavaThread "build event listener" [_thread_blocked, id=8400, stack(0x00000031ff000000,0x00000031ff100000)]
  0x000001552bf38800 JavaThread "Memory manager" [_thread_blocked, id=13472, stack(0x00000031fef00000,0x00000031ff000000)]
  0x000001552bf33000 JavaThread "jar transforms Thread 117" [_thread_blocked, id=2300, stack(0x00000031fee00000,0x00000031fef00000)]
  0x000001552bf37800 JavaThread "jar transforms Thread 116" [_thread_blocked, id=2504, stack(0x00000031fed00000,0x00000031fee00000)]
  0x000001552bf34000 JavaThread "jar transforms Thread 115" [_thread_blocked, id=6940, stack(0x00000031fec00000,0x00000031fed00000)]
  0x000001552bf35800 JavaThread "jar transforms Thread 114" [_thread_blocked, id=6676, stack(0x00000031feb00000,0x00000031fec00000)]
  0x0000015529def800 JavaThread "jar transforms Thread 113" [_thread_blocked, id=9284, stack(0x00000031fea00000,0x00000031feb00000)]
  0x0000015529dee800 JavaThread "jar transforms Thread 112" [_thread_blocked, id=5872, stack(0x00000031fe900000,0x00000031fea00000)]
  0x0000015529dee000 JavaThread "jar transforms Thread 111" [_thread_blocked, id=12068, stack(0x00000031fe800000,0x00000031fe900000)]
  0x0000015529df0000 JavaThread "jar transforms Thread 110" [_thread_blocked, id=5836, stack(0x00000031fe700000,0x00000031fe800000)]
  0x0000015529ded000 JavaThread "jar transforms Thread 109" [_thread_blocked, id=3060, stack(0x00000031fe600000,0x00000031fe700000)]
  0x0000015529de5800 JavaThread "jar transforms Thread 108" [_thread_blocked, id=5484, stack(0x00000031fe500000,0x00000031fe600000)]
  0x0000015529dec800 JavaThread "jar transforms Thread 107" [_thread_blocked, id=4768, stack(0x00000031fe400000,0x00000031fe500000)]
  0x0000015529de5000 JavaThread "jar transforms Thread 106" [_thread_blocked, id=9180, stack(0x00000031fe300000,0x00000031fe400000)]
  0x0000015529deb800 JavaThread "jar transforms Thread 105" [_thread_blocked, id=4224, stack(0x00000031fe200000,0x00000031fe300000)]
  0x0000015529de4000 JavaThread "jar transforms Thread 104" [_thread_blocked, id=8364, stack(0x00000031fe100000,0x00000031fe200000)]
  0x0000015529deb000 JavaThread "jar transforms Thread 103" [_thread_blocked, id=12760, stack(0x00000031fe000000,0x00000031fe100000)]
  0x0000015529dea000 JavaThread "jar transforms Thread 102" [_thread_blocked, id=13352, stack(0x00000031fdf00000,0x00000031fe000000)]
  0x0000015529de2800 JavaThread "jar transforms Thread 101" [_thread_blocked, id=6620, stack(0x00000031fde00000,0x00000031fdf00000)]
  0x0000015529de9800 JavaThread "jar transforms Thread 100" [_thread_blocked, id=9600, stack(0x00000031fdd00000,0x00000031fde00000)]
  0x0000015529de8800 JavaThread "jar transforms Thread 99" [_thread_blocked, id=4316, stack(0x00000031fdc00000,0x00000031fdd00000)]
  0x0000015529de1000 JavaThread "jar transforms Thread 98" [_thread_blocked, id=4520, stack(0x00000031fdb00000,0x00000031fdc00000)]
  0x0000015529de3800 JavaThread "jar transforms Thread 97" [_thread_blocked, id=4280, stack(0x00000031fda00000,0x00000031fdb00000)]
  0x0000015529de8000 JavaThread "jar transforms Thread 96" [_thread_blocked, id=13240, stack(0x00000031fd900000,0x00000031fda00000)]
  0x0000015529de2000 JavaThread "jar transforms Thread 95" [_thread_blocked, id=10436, stack(0x00000031fd800000,0x00000031fd900000)]
  0x0000015529de7000 JavaThread "jar transforms Thread 94" [_thread_blocked, id=12292, stack(0x00000031fd700000,0x00000031fd800000)]
  0x0000015529de6800 JavaThread "jar transforms Thread 93" [_thread_blocked, id=13848, stack(0x00000031fd600000,0x00000031fd700000)]
  0x000001552a020800 JavaThread "jar transforms Thread 92" [_thread_blocked, id=3092, stack(0x00000031fd500000,0x00000031fd600000)]
  0x000001552a027800 JavaThread "jar transforms Thread 91" [_thread_blocked, id=2984, stack(0x00000031fd400000,0x00000031fd500000)]
  0x000001552a026800 JavaThread "jar transforms Thread 90" [_thread_blocked, id=12540, stack(0x00000031fd300000,0x00000031fd400000)]
  0x000001552a022000 JavaThread "jar transforms Thread 89" [_thread_blocked, id=4528, stack(0x00000031fd200000,0x00000031fd300000)]
  0x000001552a023800 JavaThread "jar transforms Thread 88" [_thread_blocked, id=10532, stack(0x00000031fd100000,0x00000031fd200000)]
  0x000001552a026000 JavaThread "jar transforms Thread 87" [_thread_blocked, id=8840, stack(0x00000031fd000000,0x00000031fd100000)]
  0x000001552a025000 JavaThread "jar transforms Thread 86" [_thread_blocked, id=13780, stack(0x00000031fcf00000,0x00000031fd000000)]
  0x000001552a023000 JavaThread "jar transforms Thread 85" [_thread_blocked, id=2172, stack(0x00000031fce00000,0x00000031fcf00000)]
  0x000001552a021800 JavaThread "jar transforms Thread 84" [_thread_blocked, id=13728, stack(0x00000031fcd00000,0x00000031fce00000)]
  0x000001552a024800 JavaThread "jar transforms Thread 83" [_thread_blocked, id=12508, stack(0x00000031fcc00000,0x00000031fcd00000)]
  0x000001552a019000 JavaThread "jar transforms Thread 82" [_thread_blocked, id=5716, stack(0x00000031fcb00000,0x00000031fcc00000)]
  0x000001552a020000 JavaThread "jar transforms Thread 81" [_thread_blocked, id=12768, stack(0x00000031fca00000,0x00000031fcb00000)]
  0x000001552a01b800 JavaThread "jar transforms Thread 80" [_thread_blocked, id=12872, stack(0x00000031fc900000,0x00000031fca00000)]
  0x000001552a01f000 JavaThread "jar transforms Thread 79" [_thread_blocked, id=11572, stack(0x00000031fc800000,0x00000031fc900000)]
  0x000001552a01e800 JavaThread "jar transforms Thread 78" [_thread_blocked, id=7624, stack(0x00000031fc700000,0x00000031fc800000)]
  0x000001552a01d800 JavaThread "jar transforms Thread 77" [_thread_blocked, id=14100, stack(0x00000031fc600000,0x00000031fc700000)]
  0x000001552a01a800 JavaThread "jar transforms Thread 76" [_thread_blocked, id=7540, stack(0x00000031fc500000,0x00000031fc600000)]
  0x000001552a01a000 JavaThread "jar transforms Thread 75" [_thread_blocked, id=13288, stack(0x00000031fc400000,0x00000031fc500000)]
  0x000001552a018800 JavaThread "jar transforms Thread 74" [_thread_blocked, id=1648, stack(0x00000031fc300000,0x00000031fc400000)]
  0x000001552a01d000 JavaThread "jar transforms Thread 73" [_thread_blocked, id=13712, stack(0x00000031fc200000,0x00000031fc300000)]
  0x000001552a01c000 JavaThread "jar transforms Thread 72" [_thread_blocked, id=8528, stack(0x00000031fc100000,0x00000031fc200000)]
  0x0000015527f31800 JavaThread "jar transforms Thread 71" [_thread_blocked, id=8928, stack(0x00000031fc000000,0x00000031fc100000)]
  0x0000015527f32000 JavaThread "jar transforms Thread 70" [_thread_blocked, id=12572, stack(0x00000031fbf00000,0x00000031fc000000)]
  0x0000015527f2a800 JavaThread "jar transforms Thread 69" [_thread_blocked, id=7984, stack(0x00000031fbe00000,0x00000031fbf00000)]
  0x0000015527f30800 JavaThread "jar transforms Thread 68" [_thread_blocked, id=9572, stack(0x00000031fbd00000,0x00000031fbe00000)]
  0x0000015527f30000 JavaThread "jar transforms Thread 67" [_thread_blocked, id=6840, stack(0x00000031fbc00000,0x00000031fbd00000)]
  0x0000015527f2b000 JavaThread "jar transforms Thread 66" [_thread_blocked, id=3208, stack(0x00000031fbb00000,0x00000031fbc00000)]
  0x0000015527f2e000 JavaThread "jar transforms Thread 65" [_thread_blocked, id=4336, stack(0x00000031fba00000,0x00000031fbb00000)]
  0x0000015527f2d800 JavaThread "jar transforms Thread 64" [_thread_blocked, id=13948, stack(0x00000031fb900000,0x00000031fba00000)]
  0x0000015527f2f000 JavaThread "jar transforms Thread 63" [_thread_blocked, id=11496, stack(0x00000031fb800000,0x00000031fb900000)]
  0x0000015527f2c000 JavaThread "jar transforms Thread 62" [_thread_blocked, id=10612, stack(0x00000031fb700000,0x00000031fb800000)]
  0x0000015527f2c800 JavaThread "jar transforms Thread 61" [_thread_blocked, id=13792, stack(0x00000031fb600000,0x00000031fb700000)]
  0x0000015527f23000 JavaThread "jar transforms Thread 60" [_thread_blocked, id=7536, stack(0x00000031fb500000,0x00000031fb600000)]
  0x0000015527f29800 JavaThread "jar transforms Thread 59" [_thread_blocked, id=12688, stack(0x00000031fb400000,0x00000031fb500000)]
  0x0000015527f29000 JavaThread "jar transforms Thread 58" [_thread_blocked, id=5904, stack(0x00000031fb300000,0x00000031fb400000)]
  0x0000015527f28000 JavaThread "jar transforms Thread 57" [_thread_blocked, id=10324, stack(0x00000031fb200000,0x00000031fb300000)]
  0x0000015527f23800 JavaThread "jar transforms Thread 56" [_thread_blocked, id=2596, stack(0x00000031fb100000,0x00000031fb200000)]
  0x0000015527f27800 JavaThread "jar transforms Thread 55" [_thread_blocked, id=320, stack(0x00000031fb000000,0x00000031fb100000)]
  0x0000015527f26800 JavaThread "jar transforms Thread 54" [_thread_blocked, id=12444, stack(0x00000031faf00000,0x00000031fb000000)]
  0x0000015527f24800 JavaThread "jar transforms Thread 53" [_thread_blocked, id=108, stack(0x00000031fae00000,0x00000031faf00000)]
  0x0000015527f26000 JavaThread "jar transforms Thread 52" [_thread_blocked, id=13676, stack(0x00000031fad00000,0x00000031fae00000)]
  0x0000015527f25000 JavaThread "jar transforms Thread 51" [_thread_blocked, id=2600, stack(0x00000031fac00000,0x00000031fad00000)]
  0x0000015528150000 JavaThread "jar transforms Thread 50" [_thread_blocked, id=1572, stack(0x00000031fab00000,0x00000031fac00000)]
  0x0000015528152800 JavaThread "jar transforms Thread 49" [_thread_blocked, id=10944, stack(0x00000031faa00000,0x00000031fab00000)]
  0x0000015528156000 JavaThread "jar transforms Thread 48" [_thread_blocked, id=13408, stack(0x00000031fa900000,0x00000031faa00000)]
  0x0000015528155800 JavaThread "jar transforms Thread 47" [_thread_blocked, id=4016, stack(0x00000031fa800000,0x00000031fa900000)]
  0x0000015528154000 JavaThread "jar transforms Thread 46" [_thread_blocked, id=13124, stack(0x00000031fa700000,0x00000031fa800000)]
  0x0000015528153000 JavaThread "jar transforms Thread 45" [_thread_blocked, id=10372, stack(0x00000031fa600000,0x00000031fa700000)]
  0x0000015528154800 JavaThread "jar transforms Thread 44" [_thread_blocked, id=13620, stack(0x00000031fa500000,0x00000031fa600000)]
  0x0000015528151800 JavaThread "jar transforms Thread 43" [_thread_blocked, id=2732, stack(0x00000031fa400000,0x00000031fa500000)]
  0x0000015528151000 JavaThread "jar transforms Thread 42" [_thread_blocked, id=4076, stack(0x00000031fa300000,0x00000031fa400000)]
  0x0000015528148800 JavaThread "jar transforms Thread 41" [_thread_blocked, id=3248, stack(0x00000031fa200000,0x00000031fa300000)]
  0x000001552814f800 JavaThread "jar transforms Thread 40" [_thread_blocked, id=14088, stack(0x00000031fa100000,0x00000031fa200000)]
  0x0000015528148000 JavaThread "jar transforms Thread 39" [_thread_blocked, id=10780, stack(0x00000031fa000000,0x00000031fa100000)]
  0x0000015528149800 JavaThread "jar transforms Thread 38" [_thread_blocked, id=13452, stack(0x00000031f9f00000,0x00000031fa000000)]
  0x000001552814e800 JavaThread "jar transforms Thread 37" [_thread_blocked, id=5316, stack(0x00000031f9e00000,0x00000031f9f00000)]
  0x000001552814e000 JavaThread "jar transforms Thread 36" [_thread_blocked, id=14072, stack(0x00000031f9d00000,0x00000031f9e00000)]
  0x000001552814c800 JavaThread "jar transforms Thread 35" [_thread_blocked, id=1532, stack(0x00000031f9c00000,0x00000031f9d00000)]
  0x000001552814d000 JavaThread "jar transforms Thread 34" [_thread_blocked, id=3752, stack(0x00000031f9b00000,0x00000031f9c00000)]
  0x0000015528147000 JavaThread "jar transforms Thread 33" [_thread_blocked, id=1236, stack(0x00000031f9a00000,0x00000031f9b00000)]
  0x000001552814b800 JavaThread "jar transforms Thread 32" [_thread_blocked, id=856, stack(0x00000031f9900000,0x00000031f9a00000)]
  0x000001552814a000 JavaThread "jar transforms Thread 31" [_thread_blocked, id=2488, stack(0x00000031f9800000,0x00000031f9900000)]
  0x000001552814b000 JavaThread "jar transforms Thread 30" [_thread_blocked, id=2500, stack(0x00000031f9700000,0x00000031f9800000)]
  0x0000015525f2f800 JavaThread "jar transforms Thread 29" [_thread_blocked, id=14024, stack(0x00000031f9600000,0x00000031f9700000)]
  0x0000015525f2f000 JavaThread "jar transforms Thread 28" [_thread_blocked, id=7716, stack(0x00000031f9500000,0x00000031f9600000)]
  0x0000015525f2d800 JavaThread "jar transforms Thread 27" [_thread_blocked, id=3868, stack(0x00000031f9400000,0x00000031f9500000)]
  0x0000015525f2c800 JavaThread "jar transforms Thread 26" [_thread_blocked, id=8628, stack(0x00000031f9300000,0x00000031f9400000)]
  0x0000015525f2b000 JavaThread "jar transforms Thread 25" [_thread_blocked, id=4872, stack(0x00000031f9200000,0x00000031f9300000)]
  0x0000015525f2c000 JavaThread "jar transforms Thread 24" [_thread_blocked, id=9536, stack(0x00000031f9100000,0x00000031f9200000)]
  0x0000015525f2e000 JavaThread "jar transforms Thread 23" [_thread_blocked, id=2796, stack(0x00000031f9000000,0x00000031f9100000)]
  0x0000015525f2a800 JavaThread "jar transforms Thread 22" [_thread_blocked, id=13396, stack(0x00000031f8f00000,0x00000031f9000000)]
  0x0000015525f30800 JavaThread "jar transforms Thread 21" [_thread_blocked, id=1624, stack(0x00000031f8e00000,0x00000031f8f00000)]
  0x0000015525f23800 JavaThread "jar transforms Thread 20" [_thread_blocked, id=12188, stack(0x00000031f8d00000,0x00000031f8e00000)]
  0x0000015525f23000 JavaThread "jar transforms Thread 19" [_thread_blocked, id=8648, stack(0x00000031f8c00000,0x00000031f8d00000)]
  0x0000015525f29800 JavaThread "jar transforms Thread 18" [_thread_blocked, id=13600, stack(0x00000031f8b00000,0x00000031f8c00000)]
  0x0000015525f22000 JavaThread "jar transforms Thread 17" [_thread_blocked, id=11604, stack(0x00000031f8a00000,0x00000031f8b00000)]
  0x0000015525f29000 JavaThread "jar transforms Thread 16" [_thread_blocked, id=7056, stack(0x00000031f8900000,0x00000031f8a00000)]
  0x0000015525f21800 JavaThread "jar transforms Thread 15" [_thread_blocked, id=13720, stack(0x00000031f8800000,0x00000031f8900000)]
  0x0000015525f27800 JavaThread "jar transforms Thread 14" [_thread_blocked, id=4068, stack(0x00000031f8700000,0x00000031f8800000)]
  0x0000015525f26800 JavaThread "jar transforms Thread 13" [_thread_blocked, id=4984, stack(0x00000031f8600000,0x00000031f8700000)]
  0x0000015525f28000 JavaThread "jar transforms Thread 12" [_thread_blocked, id=11728, stack(0x00000031f8500000,0x00000031f8600000)]
  0x0000015525f26000 JavaThread "jar transforms Thread 11" [_thread_blocked, id=1284, stack(0x00000031f8400000,0x00000031f8500000)]
  0x0000015525f25000 JavaThread "jar transforms Thread 10" [_thread_blocked, id=9712, stack(0x00000031f8300000,0x00000031f8400000)]
  0x0000015525f24800 JavaThread "jar transforms Thread 9" [_thread_blocked, id=14056, stack(0x00000031f8200000,0x00000031f8300000)]
  0x0000015527a84800 JavaThread "jar transforms Thread 8" [_thread_blocked, id=14256, stack(0x00000031f8100000,0x00000031f8200000)]
  0x0000015527a84000 JavaThread "jar transforms Thread 7" [_thread_blocked, id=8156, stack(0x00000031f8000000,0x00000031f8100000)]
  0x0000015527a83000 JavaThread "jar transforms Thread 6" [_thread_blocked, id=9092, stack(0x00000031f7f00000,0x00000031f8000000)]
  0x0000015527a82800 JavaThread "jar transforms Thread 5" [_thread_blocked, id=468, stack(0x00000031f7e00000,0x00000031f7f00000)]
  0x0000015527a7d000 JavaThread "jar transforms Thread 4" [_thread_blocked, id=14312, stack(0x00000031f7d00000,0x00000031f7e00000)]
  0x0000015527a81800 JavaThread "jar transforms Thread 3" [_thread_blocked, id=1372, stack(0x00000031f7c00000,0x00000031f7d00000)]
  0x0000015527a7e800 JavaThread "jar transforms Thread 2" [_thread_blocked, id=11700, stack(0x00000031f7b00000,0x00000031f7c00000)]
  0x0000015527a7f800 JavaThread "Build operations Thread 8" [_thread_blocked, id=8308, stack(0x00000031f7a00000,0x00000031f7b00000)]
  0x0000015527a81000 JavaThread "Build operations Thread 7" [_thread_blocked, id=13072, stack(0x00000031f7900000,0x00000031f7a00000)]
  0x0000015527a7e000 JavaThread "Build operations Thread 6" [_thread_in_Java, id=11112, stack(0x00000031f7800000,0x00000031f7900000)]
  0x0000015527a80000 JavaThread "Build operations Thread 5" [_thread_blocked, id=13000, stack(0x00000031f7700000,0x00000031f7800000)]
  0x0000015527a76800 JavaThread "Build operations Thread 4" [_thread_blocked, id=6976, stack(0x00000031f7600000,0x00000031f7700000)]
  0x0000015527a78000 JavaThread "Build operations Thread 3" [_thread_blocked, id=11252, stack(0x00000031f7500000,0x00000031f7600000)]
  0x0000015527a75800 JavaThread "Build operations Thread 2" [_thread_blocked, id=2036, stack(0x00000031f7400000,0x00000031f7500000)]
  0x0000015527a7c800 JavaThread "Build operations" [_thread_blocked, id=12996, stack(0x00000031f7300000,0x00000031f7400000)]
  0x0000015527a7b800 JavaThread "Cache worker for Build Output Cleanup Cache (E:\android-room-with-a-view-kotlin\.gradle\buildOutputCleanup)" [_thread_blocked, id=13852, stack(0x00000031f7200000,0x00000031f7300000)]
  0x0000015527a79800 JavaThread "Cache worker for file content cache (C:\Users\Hung\.gradle\caches\6.7.1\fileContent)" [_thread_blocked, id=11488, stack(0x00000031f7100000,0x00000031f7200000)]
  0x0000015527a78800 JavaThread "jar transforms" [_thread_blocked, id=13864, stack(0x00000031f7000000,0x00000031f7100000)]
  0x00000155243fe000 JavaThread "Cache worker for execution history cache (C:\Users\Hung\.gradle\caches\6.7.1\executionHistory)" [_thread_blocked, id=9984, stack(0x00000031f6f00000,0x00000031f7000000)]
  0x00000155243fd800 JavaThread "Cache worker for cache directory md-rule (C:\Users\Hung\.gradle\caches\6.7.1\md-rule)" [_thread_blocked, id=13744, stack(0x00000031f6e00000,0x00000031f6f00000)]
  0x00000155243fc800 JavaThread "Cache worker for cache directory md-supplier (C:\Users\Hung\.gradle\caches\6.7.1\md-supplier)" [_thread_blocked, id=13556, stack(0x00000031f6d00000,0x00000031f6e00000)]
  0x00000155243ff000 JavaThread "Cache worker for checksums cache (E:\android-room-with-a-view-kotlin\.gradle\checksums)" [_thread_blocked, id=2336, stack(0x00000031f6c00000,0x00000031f6d00000)]
  0x00000155243fc000 JavaThread "Cache worker for file hash cache (E:\android-room-with-a-view-kotlin\.gradle\6.7.1\fileHashes)" [_thread_blocked, id=9112, stack(0x00000031f6b00000,0x00000031f6c00000)]
  0x00000155243f9800 JavaThread "Cache worker for journal cache (C:\Users\Hung\.gradle\caches\journal-1)" [_thread_blocked, id=1676, stack(0x00000031f6a00000,0x00000031f6b00000)]
  0x00000155243fa800 JavaThread "File lock request listener" [_thread_in_native, id=8832, stack(0x00000031f6900000,0x00000031f6a00000)]
  0x00000155243ff800 JavaThread "Cache worker for file hash cache (C:\Users\Hung\.gradle\caches\6.7.1\fileHashes)" [_thread_blocked, id=14280, stack(0x00000031f6800000,0x00000031f6900000)]
  0x0000015527712000 JavaThread "Thread-9" [_thread_blocked, id=9004, stack(0x00000031f6700000,0x00000031f6800000)]
  0x00000155276d1000 JavaThread "Stdin handler" [_thread_blocked, id=4192, stack(0x00000031f6600000,0x00000031f6700000)]
  0x00000155276a9800 JavaThread "Asynchronous log dispatcher for DefaultDaemonConnection: socket connection from /127.0.0.1:58973 to /127.0.0.1:58974" [_thread_blocked, id=1104, stack(0x00000031f6500000,0x00000031f6600000)]
  0x00000155276a2000 JavaThread "Daemon worker" [_thread_blocked, id=13740, stack(0x00000031f6400000,0x00000031f6500000)]
  0x00000155276a0800 JavaThread "Cancel handler" [_thread_blocked, id=1028, stack(0x00000031f6300000,0x00000031f6400000)]
  0x0000015527623800 JavaThread "Handler for socket connection from /127.0.0.1:58973 to /127.0.0.1:58974" [_thread_in_native, id=4432, stack(0x00000031f6200000,0x00000031f6300000)]
  0x0000015527622800 JavaThread "Daemon" [_thread_blocked, id=9832, stack(0x00000031f6100000,0x00000031f6200000)]
  0x00000155275f5800 JavaThread "Daemon periodic checks" [_thread_blocked, id=14196, stack(0x00000031f6000000,0x00000031f6100000)]
  0x00000155275dd000 JavaThread "Incoming local TCP Connector on port 58973" [_thread_in_native, id=11616, stack(0x00000031f5f00000,0x00000031f6000000)]
  0x000001552734f800 JavaThread "Daemon health stats" [_thread_blocked, id=4744, stack(0x00000031f5c00000,0x00000031f5d00000)]
  0x000001552446d800 JavaThread "Service Thread" daemon [_thread_blocked, id=13392, stack(0x00000031f5a00000,0x00000031f5b00000)]
  0x00000155243f9000 JavaThread "C1 CompilerThread3" daemon [_thread_blocked, id=3440, stack(0x00000031f5900000,0x00000031f5a00000)]
  0x00000155243ea800 JavaThread "C2 CompilerThread2" daemon [_thread_in_native, id=10804, stack(0x00000031f5800000,0x00000031f5900000)]
  0x00000155243e7000 JavaThread "C2 CompilerThread1" daemon [_thread_in_native, id=1716, stack(0x00000031f5700000,0x00000031f5800000)]
=>0x00000155243e1000 JavaThread "C2 CompilerThread0" daemon [_thread_in_native, id=3088, stack(0x00000031f5600000,0x00000031f5700000)]
  0x00000155243e0000 JavaThread "Attach Listener" daemon [_thread_blocked, id=10304, stack(0x00000031f5500000,0x00000031f5600000)]
  0x00000155243e5000 JavaThread "Signal Dispatcher" daemon [_thread_blocked, id=11900, stack(0x00000031f5400000,0x00000031f5500000)]
  0x00000155237cd000 JavaThread "Finalizer" daemon [_thread_blocked, id=13296, stack(0x00000031f5300000,0x00000031f5400000)]
  0x00000155237c6000 JavaThread "Reference Handler" daemon [_thread_blocked, id=13932, stack(0x00000031f5200000,0x00000031f5300000)]
  0x000001550e961000 JavaThread "main" [_thread_blocked, id=6684, stack(0x00000031f4800000,0x00000031f4900000)]

Other Threads:
  0x0000015524391800 VMThread [stack: 0x00000031f5100000,0x00000031f5200000] [id=4860]
  0x0000015524447000 WatcherThread [stack: 0x00000031f5b00000,0x00000031f5c00000] [id=4112]

VM state:not at safepoint (normal execution)

VM Mutex/Monitor currently owned by a thread: None

heap address: 0x00000000a0000000, size: 1536 MB, Compressed Oops mode: 32-bit
Narrow klass base: 0x0000000000000000, Narrow klass shift: 3
Compressed class space size: 1073741824 Address: 0x0000000100000000

Heap:
 PSYoungGen      total 468992K, used 136266K [0x00000000e0000000, 0x00000000ffe00000, 0x0000000100000000)
  eden space 416256K, 29% used [0x00000000e0000000,0x00000000e79aa930,0x00000000f9680000)
  from space 52736K, 22% used [0x00000000f9680000,0x00000000fa1e8020,0x00000000fca00000)
  to   space 50688K, 0% used [0x00000000fcc80000,0x00000000fcc80000,0x00000000ffe00000)
 ParOldGen       total 433152K, used 229174K [0x00000000a0000000, 0x00000000ba700000, 0x00000000e0000000)
  object space 433152K, 52% used [0x00000000a0000000,0x00000000adfcdba0,0x00000000ba700000)
 Metaspace       used 85973K, capacity 90326K, committed 92288K, reserved 1128448K
  class space    used 11843K, capacity 12688K, committed 13184K, reserved 1048576K

Card table byte_map: [0x000001551f6a0000,0x000001551f9b0000] byte_map_base: 0x000001551f1a0000

Marking Bits: (ParMarkBitMap*) 0x0000000072f57fe0
 Begin Bits: [0x000001551fbb0000, 0x00000155213b0000)
 End Bits:   [0x00000155213b0000, 0x0000015522bb0000)

Polling page: 0x00000155102b0000

CodeCache: size=245760Kb used=44013Kb max_used=44043Kb free=201747Kb
 bounds [0x00000155102e0000, 0x0000015512e30000, 0x000001551f2e0000]
 total_blobs=13397 nmethods=12552 adapters=754
 compilation: enabled

Compilation events (10 events):
Event: 18.452 Thread 0x00000155243f9000 15162       2       com.android.tools.r8.v.b.v1::g (6 bytes)
Event: 18.452 Thread 0x00000155243f9000 nmethod 15162 0x0000015512406b50 code [0x0000015512406cc0, 0x0000015512406e30]
Event: 18.453 Thread 0x00000155243f9000 15163       2       com.android.tools.r8.code.J::<init> (5 bytes)
Event: 18.453 Thread 0x00000155243f9000 nmethod 15163 0x0000015512406810 code [0x0000015512406960, 0x0000015512406ab8]
Event: 18.453 Thread 0x00000155243f9000 15164       2       com.android.tools.r8.code.e0::hashCode (22 bytes)
Event: 18.453 Thread 0x00000155243f9000 nmethod 15164 0x0000015512406450 code [0x00000155124065c0, 0x0000015512406770]
Event: 18.504 Thread 0x00000155243f9000 15168       2       com.android.tools.r8.v.b.o::d0 (105 bytes)
Event: 18.505 Thread 0x00000155243f9000 nmethod 15168 0x0000015512405f50 code [0x00000155124060e0, 0x0000015512406310]
Event: 18.716 Thread 0x00000155243f9000 15171       2       com.android.tools.r8.ir.regalloc.a::a (1 bytes)
Event: 18.716 Thread 0x00000155243f9000 nmethod 15171 0x0000015512405c10 code [0x0000015512405d60, 0x0000015512405eb8]

GC Heap History (10 events):
Event: 16.079 GC heap before
{Heap before GC invocations=33 (full 4):
 PSYoungGen      total 481792K, used 463400K [0x00000000e0000000, 0x00000000ffa80000, 0x0000000100000000)
  eden space 448000K, 100% used [0x00000000e0000000,0x00000000fb580000,0x00000000fb580000)
  from space 33792K, 45% used [0x00000000fd980000,0x00000000fe88a348,0x00000000ffa80000)
  to   space 35328K, 0% used [0x00000000fb580000,0x00000000fb580000,0x00000000fd800000)
 ParOldGen       total 433152K, used 179440K [0x00000000a0000000, 0x00000000ba700000, 0x00000000e0000000)
  object space 433152K, 41% used [0x00000000a0000000,0x00000000aaf3c260,0x00000000ba700000)
 Metaspace       used 85894K, capacity 90308K, committed 92288K, reserved 1128448K
  class space    used 11841K, capacity 12685K, committed 13184K, reserved 1048576K
Event: 16.112 GC heap after
Heap after GC invocations=33 (full 4):
 PSYoungGen      total 483328K, used 35327K [0x00000000e0000000, 0x0000000100000000, 0x0000000100000000)
  eden space 448000K, 0% used [0x00000000e0000000,0x00000000e0000000,0x00000000fb580000)
  from space 35328K, 99% used [0x00000000fb580000,0x00000000fd7fffd8,0x00000000fd800000)
  to   space 40960K, 0% used [0x00000000fd800000,0x00000000fd800000,0x0000000100000000)
 ParOldGen       total 433152K, used 187802K [0x00000000a0000000, 0x00000000ba700000, 0x00000000e0000000)
  object space 433152K, 43% used [0x00000000a0000000,0x00000000ab766900,0x00000000ba700000)
 Metaspace       used 85894K, capacity 90308K, committed 92288K, reserved 1128448K
  class space    used 11841K, capacity 12685K, committed 13184K, reserved 1048576K
}
Event: 16.610 GC heap before
{Heap before GC invocations=34 (full 4):
 PSYoungGen      total 483328K, used 483327K [0x00000000e0000000, 0x0000000100000000, 0x0000000100000000)
  eden space 448000K, 100% used [0x00000000e0000000,0x00000000fb580000,0x00000000fb580000)
  from space 35328K, 99% used [0x00000000fb580000,0x00000000fd7fffd8,0x00000000fd800000)
  to   space 40960K, 0% used [0x00000000fd800000,0x00000000fd800000,0x0000000100000000)
 ParOldGen       total 433152K, used 187802K [0x00000000a0000000, 0x00000000ba700000, 0x00000000e0000000)
  object space 433152K, 43% used [0x00000000a0000000,0x00000000ab766900,0x00000000ba700000)
 Metaspace       used 85944K, capacity 90312K, committed 92288K, reserved 1128448K
  class space    used 11841K, capacity 12685K, committed 13184K, reserved 1048576K
Event: 16.649 GC heap after
Heap after GC invocations=34 (full 4):
 PSYoungGen      total 455680K, used 40941K [0x00000000e0000000, 0x0000000100000000, 0x0000000100000000)
  eden space 414720K, 0% used [0x00000000e0000000,0x00000000e0000000,0x00000000f9500000)
  from space 40960K, 99% used [0x00000000fd800000,0x00000000ffffb7b8,0x0000000100000000)
  to   space 54784K, 0% used [0x00000000f9500000,0x00000000f9500000,0x00000000fca80000)
 ParOldGen       total 433152K, used 200610K [0x00000000a0000000, 0x00000000ba700000, 0x00000000e0000000)
  object space 433152K, 46% used [0x00000000a0000000,0x00000000ac3e8b68,0x00000000ba700000)
 Metaspace       used 85944K, capacity 90312K, committed 92288K, reserved 1128448K
  class space    used 11841K, capacity 12685K, committed 13184K, reserved 1048576K
}
Event: 17.094 GC heap before
{Heap before GC invocations=35 (full 4):
 PSYoungGen      total 455680K, used 455661K [0x00000000e0000000, 0x0000000100000000, 0x0000000100000000)
  eden space 414720K, 100% used [0x00000000e0000000,0x00000000f9500000,0x00000000f9500000)
  from space 40960K, 99% used [0x00000000fd800000,0x00000000ffffb7b8,0x0000000100000000)
  to   space 54784K, 0% used [0x00000000f9500000,0x00000000f9500000,0x00000000fca80000)
 ParOldGen       total 433152K, used 200610K [0x00000000a0000000, 0x00000000ba700000, 0x00000000e0000000)
  object space 433152K, 46% used [0x00000000a0000000,0x00000000ac3e8b68,0x00000000ba700000)
 Metaspace       used 85959K, capacity 90324K, committed 92288K, reserved 1128448K
  class space    used 11842K, capacity 12687K, committed 13184K, reserved 1048576K
Event: 17.109 GC heap after
Heap after GC invocations=35 (full 4):
 PSYoungGen      total 469504K, used 12068K [0x00000000e0000000, 0x0000000100000000, 0x0000000100000000)
  eden space 414720K, 0% used [0x00000000e0000000,0x00000000e0000000,0x00000000f9500000)
  from space 54784K, 22% used [0x00000000f9500000,0x00000000fa0c9158,0x00000000fca80000)
  to   space 53248K, 0% used [0x00000000fcc00000,0x00000000fcc00000,0x0000000100000000)
 ParOldGen       total 433152K, used 219674K [0x00000000a0000000, 0x00000000ba700000, 0x00000000e0000000)
  object space 433152K, 50% used [0x00000000a0000000,0x00000000ad686ae8,0x00000000ba700000)
 Metaspace       used 85959K, capacity 90324K, committed 92288K, reserved 1128448K
  class space    used 11842K, capacity 12687K, committed 13184K, reserved 1048576K
}
Event: 17.609 GC heap before
{Heap before GC invocations=36 (full 4):
 PSYoungGen      total 469504K, used 426788K [0x00000000e0000000, 0x0000000100000000, 0x0000000100000000)
  eden space 414720K, 100% used [0x00000000e0000000,0x00000000f9500000,0x00000000f9500000)
  from space 54784K, 22% used [0x00000000f9500000,0x00000000fa0c9158,0x00000000fca80000)
  to   space 53248K, 0% used [0x00000000fcc00000,0x00000000fcc00000,0x0000000100000000)
 ParOldGen       total 433152K, used 219674K [0x00000000a0000000, 0x00000000ba700000, 0x00000000e0000000)
  object space 433152K, 50% used [0x00000000a0000000,0x00000000ad686ae8,0x00000000ba700000)
 Metaspace       used 85965K, capacity 90326K, committed 92288K, reserved 1128448K
  class space    used 11843K, capacity 12688K, committed 13184K, reserved 1048576K
Event: 17.620 GC heap after
Heap after GC invocations=36 (full 4):
 PSYoungGen      total 466944K, used 4416K [0x00000000e0000000, 0x00000000ffd80000, 0x0000000100000000)
  eden space 416256K, 0% used [0x00000000e0000000,0x00000000e0000000,0x00000000f9680000)
  from space 50688K, 8% used [0x00000000fcc00000,0x00000000fd050020,0x00000000ffd80000)
  to   space 52736K, 0% used [0x00000000f9680000,0x00000000f9680000,0x00000000fca00000)
 ParOldGen       total 433152K, used 229174K [0x00000000a0000000, 0x00000000ba700000, 0x00000000e0000000)
  object space 433152K, 52% used [0x00000000a0000000,0x00000000adfcdba0,0x00000000ba700000)
 Metaspace       used 85965K, capacity 90326K, committed 92288K, reserved 1128448K
  class space    used 11843K, capacity 12688K, committed 13184K, reserved 1048576K
}
Event: 18.494 GC heap before
{Heap before GC invocations=37 (full 4):
 PSYoungGen      total 466944K, used 420672K [0x00000000e0000000, 0x00000000ffd80000, 0x0000000100000000)
  eden space 416256K, 100% used [0x00000000e0000000,0x00000000f9680000,0x00000000f9680000)
  from space 50688K, 8% used [0x00000000fcc00000,0x00000000fd050020,0x00000000ffd80000)
  to   space 52736K, 0% used [0x00000000f9680000,0x00000000f9680000,0x00000000fca00000)
 ParOldGen       total 433152K, used 229174K [0x00000000a0000000, 0x00000000ba700000, 0x00000000e0000000)
  object space 433152K, 52% used [0x00000000a0000000,0x00000000adfcdba0,0x00000000ba700000)
 Metaspace       used 85972K, capacity 90326K, committed 92288K, reserved 1128448K
  class space    used 11843K, capacity 12688K, committed 13184K, reserved 1048576K
Event: 18.504 GC heap after
Heap after GC invocations=37 (full 4):
 PSYoungGen      total 468992K, used 11680K [0x00000000e0000000, 0x00000000ffe00000, 0x0000000100000000)
  eden space 416256K, 0% used [0x00000000e0000000,0x00000000e0000000,0x00000000f9680000)
  from space 52736K, 22% used [0x00000000f9680000,0x00000000fa1e8020,0x00000000fca00000)
  to   space 50688K, 0% used [0x00000000fcc80000,0x00000000fcc80000,0x00000000ffe00000)
 ParOldGen       total 433152K, used 229174K [0x00000000a0000000, 0x00000000ba700000, 0x00000000e0000000)
  object space 433152K, 52% used [0x00000000a0000000,0x00000000adfcdba0,0x00000000ba700000)
 Metaspace       used 85972K, capacity 90326K, committed 92288K, reserved 1128448K
  class space    used 11843K, capacity 12688K, committed 13184K, reserved 1048576K
}

Deoptimization events (10 events):
Event: 17.484 Thread 0x0000015527a7e000 Uncommon trap: reason=bimorphic action=maybe_recompile pc=0x0000015511e56910 method=com.android.tools.r8.v.b.w1.a(Lcom/android/tools/r8/v/b/b;Ljava/util/function/Predicate;)Lcom/android/tools/r8/v/b/w1; @ 26
Event: 17.486 Thread 0x0000015527a7e000 Uncommon trap: reason=bimorphic action=maybe_recompile pc=0x0000015511e56910 method=com.android.tools.r8.v.b.w1.a(Lcom/android/tools/r8/v/b/b;Ljava/util/function/Predicate;)Lcom/android/tools/r8/v/b/w1; @ 26
Event: 17.488 Thread 0x0000015527a7e000 Uncommon trap: reason=bimorphic action=maybe_recompile pc=0x0000015511e56910 method=com.android.tools.r8.v.b.w1.a(Lcom/android/tools/r8/v/b/b;Ljava/util/function/Predicate;)Lcom/android/tools/r8/v/b/w1; @ 26
Event: 17.550 Thread 0x0000015527a7e000 Uncommon trap: reason=speculate_class_check action=maybe_recompile pc=0x000001551213c568 method=com.android.tools.r8.v.a.j.e.b(Lcom/android/tools/r8/v/b/o0;)V @ 277
Event: 17.794 Thread 0x0000015527a7e000 Uncommon trap: reason=unstable_if action=reinterpret pc=0x0000015512524adc method=com.android.tools.r8.v.b.w1.a(Lcom/android/tools/r8/graph/j;Lcom/android/tools/r8/v/b/X;Ljava/util/function/Predicate;Ljava/util/Set;)Z @ 184
Event: 18.144 Thread 0x0000015527a7e000 Uncommon trap: reason=bimorphic action=maybe_recompile pc=0x0000015512dc3404 method=com.android.tools.r8.ir.regalloc.a.b()V @ 315
Event: 18.176 Thread 0x0000015527a7e000 Uncommon trap: reason=unstable_if action=reinterpret pc=0x0000015512cda6f8 method=com.android.tools.r8.ir.optimize.k.p(Lcom/android/tools/r8/v/b/X;)V @ 177
Event: 18.198 Thread 0x0000015527a7e000 Uncommon trap: reason=bimorphic action=maybe_recompile pc=0x0000015512dc3404 method=com.android.tools.r8.ir.regalloc.a.b()V @ 315
Event: 18.391 Thread 0x0000015527a7e000 Uncommon trap: reason=bimorphic action=maybe_recompile pc=0x0000015512dc3404 method=com.android.tools.r8.ir.regalloc.a.b()V @ 315
Event: 18.472 Thread 0x0000015527a7e000 Uncommon trap: reason=bimorphic action=maybe_recompile pc=0x0000015512dc3404 method=com.android.tools.r8.ir.regalloc.a.b()V @ 315

Classes redefined (0 events):
No events

Internal exceptions (10 events):
Event: 16.479 Thread 0x0000015527a78000 Exception <a 'sun/nio/fs/WindowsException'> (0x00000000f0ece9d0) thrown at [C:\jenkins\workspace\8-2-build-windows-amd64-cygwin\jdk8u271\605\hotspot\src\share\vm\prims\jni.cpp, line 710]
Event: 16.482 Thread 0x0000015527a76800 Exception <a 'sun/nio/fs/WindowsException'> (0x00000000f199a7a0) thrown at [C:\jenkins\workspace\8-2-build-windows-amd64-cygwin\jdk8u271\605\hotspot\src\share\vm\prims\jni.cpp, line 710]
Event: 16.490 Thread 0x0000015527a7f800 Exception <a 'sun/nio/fs/WindowsException'> (0x00000000f29bf0b8) thrown at [C:\jenkins\workspace\8-2-build-windows-amd64-cygwin\jdk8u271\605\hotspot\src\share\vm\prims\jni.cpp, line 710]
Event: 16.509 Thread 0x0000015527a75800 Exception <a 'sun/nio/fs/WindowsException'> (0x00000000f41dc148) thrown at [C:\jenkins\workspace\8-2-build-windows-amd64-cygwin\jdk8u271\605\hotspot\src\share\vm\prims\jni.cpp, line 710]
Event: 16.514 Thread 0x0000015527a80000 Exception <a 'sun/nio/fs/WindowsException'> (0x00000000f475c150) thrown at [C:\jenkins\workspace\8-2-build-windows-amd64-cygwin\jdk8u271\605\hotspot\src\share\vm\prims\jni.cpp, line 710]
Event: 16.532 Thread 0x0000015527a80000 Exception <a 'sun/nio/fs/WindowsException'> (0x00000000f5bd9ab0) thrown at [C:\jenkins\workspace\8-2-build-windows-amd64-cygwin\jdk8u271\605\hotspot\src\share\vm\prims\jni.cpp, line 710]
Event: 16.545 Thread 0x000001552bf40800 Exception <a 'sun/nio/fs/WindowsException'> (0x00000000f68f4380) thrown at [C:\jenkins\workspace\8-2-build-windows-amd64-cygwin\jdk8u271\605\hotspot\src\share\vm\prims\jni.cpp, line 710]
Event: 16.579 Thread 0x0000015527a7e000 Exception <a 'sun/nio/fs/WindowsException'> (0x00000000f8cfa4f8) thrown at [C:\jenkins\workspace\8-2-build-windows-amd64-cygwin\jdk8u271\605\hotspot\src\share\vm\prims\jni.cpp, line 710]
Event: 16.695 Thread 0x000001552bf40800 Exception <a 'sun/nio/fs/WindowsException'> (0x00000000e378ac60) thrown at [C:\jenkins\workspace\8-2-build-windows-amd64-cygwin\jdk8u271\605\hotspot\src\share\vm\prims\jni.cpp, line 710]
Event: 17.515 Thread 0x0000015527a7f800 Exception <a 'sun/nio/fs/WindowsException'> (0x00000000f62eb820) thrown at [C:\jenkins\workspace\8-2-build-windows-amd64-cygwin\jdk8u271\605\hotspot\src\share\vm\prims\jni.cpp, line 710]

Events (10 events):
Event: 18.641 Thread 0x0000015527a7e000 DEOPT PACKING pc=0x00000155122f4ac9 sp=0x00000031f78f9cb0
Event: 18.641 Thread 0x0000015527a7e000 DEOPT UNPACKING pc=0x0000015510327898 sp=0x00000031f78f9bd8 mode 0
Event: 18.654 Thread 0x0000015527a7e000 DEOPT PACKING pc=0x000001551215efa7 sp=0x00000031f78f9cf0
Event: 18.654 Thread 0x0000015527a7e000 DEOPT UNPACKING pc=0x0000015510327898 sp=0x00000031f78f9d50 mode 0
Event: 18.689 Thread 0x0000015527a7e000 DEOPT PACKING pc=0x000001551215f00d sp=0x00000031f78f9cf0
Event: 18.689 Thread 0x0000015527a7e000 DEOPT UNPACKING pc=0x0000015510327898 sp=0x00000031f78f9d50 mode 0
Event: 18.710 Thread 0x0000015527a7e000 DEOPT PACKING pc=0x000001551215f00d sp=0x00000031f78f9cf0
Event: 18.710 Thread 0x0000015527a7e000 DEOPT UNPACKING pc=0x0000015510327898 sp=0x00000031f78f9d50 mode 0
Event: 18.730 Thread 0x0000015527a7e000 DEOPT PACKING pc=0x000001551215f00d sp=0x00000031f78f9cf0
Event: 18.730 Thread 0x0000015527a7e000 DEOPT UNPACKING pc=0x0000015510327898 sp=0x00000031f78f9d50 mode 0


Dynamic libraries:
0x00007ff6028b0000 - 0x00007ff6028f7000 	C:\Program Files\Java\jdk1.8.0_271\bin\java.exe
0x00007ff878820000 - 0x00007ff878a27000 	C:\WINDOWS\SYSTEM32\ntdll.dll
0x00007ff8770d0000 - 0x00007ff87718d000 	C:\WINDOWS\System32\KERNEL32.DLL
0x00007ff875fc0000 - 0x00007ff876334000 	C:\WINDOWS\System32\KERNELBASE.dll
0x00007ff877190000 - 0x00007ff87723c000 	C:\WINDOWS\System32\ADVAPI32.dll
0x00007ff878470000 - 0x00007ff878513000 	C:\WINDOWS\System32\msvcrt.dll
0x00007ff877540000 - 0x00007ff8775dd000 	C:\WINDOWS\System32\sechost.dll
0x00007ff877990000 - 0x00007ff877ab1000 	C:\WINDOWS\System32\RPCRT4.dll
0x00007ff877650000 - 0x00007ff8777fc000 	C:\WINDOWS\System32\USER32.dll
0x00007ff876690000 - 0x00007ff8766b6000 	C:\WINDOWS\System32\win32u.dll
0x00007ff878420000 - 0x00007ff878449000 	C:\WINDOWS\System32\GDI32.dll
0x00007ff875d80000 - 0x00007ff875e92000 	C:\WINDOWS\System32\gdi32full.dll
0x00007ff8765f0000 - 0x00007ff87668d000 	C:\WINDOWS\System32\msvcp_win.dll
0x00007ff875ea0000 - 0x00007ff875fb1000 	C:\WINDOWS\System32\ucrtbase.dll
0x00007ff85b5d0000 - 0x00007ff85b875000 	C:\WINDOWS\WinSxS\amd64_microsoft.windows.common-controls_6595b64144ccf1df_6.0.22000.51_none_25c0e06ad7789dba\COMCTL32.dll
0x00007ff877500000 - 0x00007ff877531000 	C:\WINDOWS\System32\IMM32.DLL
0x00007ff871510000 - 0x00007ff871525000 	C:\Program Files\Java\jdk1.8.0_271\jre\bin\vcruntime140.dll
0x00007ff81ad20000 - 0x00007ff81adbb000 	C:\Program Files\Java\jdk1.8.0_271\jre\bin\msvcp140.dll
0x0000000072760000 - 0x0000000072fcf000 	C:\Program Files\Java\jdk1.8.0_271\jre\bin\server\jvm.dll
0x00007ff876f20000 - 0x00007ff876f28000 	C:\WINDOWS\System32\PSAPI.DLL
0x00007ff871ba0000 - 0x00007ff871ba9000 	C:\WINDOWS\SYSTEM32\WSOCK32.dll
0x00007ff877b20000 - 0x00007ff877b8f000 	C:\WINDOWS\System32\WS2_32.dll
0x00007ff86fef0000 - 0x00007ff86fefa000 	C:\WINDOWS\SYSTEM32\VERSION.dll
0x00007ff871430000 - 0x00007ff871463000 	C:\WINDOWS\SYSTEM32\WINMM.dll
0x00007ff874eb0000 - 0x00007ff874ec7000 	C:\WINDOWS\SYSTEM32\kernel.appcore.dll
0x00007ff871500000 - 0x00007ff871510000 	C:\Program Files\Java\jdk1.8.0_271\jre\bin\verify.dll
0x00007ff81acf0000 - 0x00007ff81ad1b000 	C:\Program Files\Java\jdk1.8.0_271\jre\bin\java.dll
0x00007ff8714e0000 - 0x00007ff8714f8000 	C:\Program Files\Java\jdk1.8.0_271\jre\bin\zip.dll
0x00007ff877b90000 - 0x00007ff878325000 	C:\WINDOWS\System32\SHELL32.dll
0x00007ff873ed0000 - 0x00007ff87472e000 	C:\WINDOWS\SYSTEM32\windows.storage.dll
0x00007ff876b30000 - 0x00007ff876ea6000 	C:\WINDOWS\System32\combase.dll
0x00007ff873d60000 - 0x00007ff873ec6000 	C:\WINDOWS\SYSTEM32\wintypes.dll
0x00007ff878330000 - 0x00007ff87841a000 	C:\WINDOWS\System32\SHCORE.dll
0x00007ff8772f0000 - 0x00007ff87734d000 	C:\WINDOWS\System32\shlwapi.dll
0x00007ff875c40000 - 0x00007ff875c61000 	C:\WINDOWS\SYSTEM32\profapi.dll
0x00007ff834ea0000 - 0x00007ff834ebc000 	C:\Program Files\Java\jdk1.8.0_271\jre\bin\net.dll
0x00007ff875340000 - 0x00007ff8753a7000 	C:\WINDOWS\system32\mswsock.dll
0x00007ff82cd80000 - 0x00007ff82cd93000 	C:\Program Files\Java\jdk1.8.0_271\jre\bin\nio.dll
0x00007ff833210000 - 0x00007ff833237000 	C:\Users\Hung\.gradle\native\fdc75f09e3144964f2cf3f50f0aa648679c211496f362492102eb8c894070792\windows-amd64\native-platform.dll
0x00007ff81b460000 - 0x00007ff81b5f6000 	C:\Users\Hung\.gradle\native\12488b8bf47d2d4c9fbf2f6322a914ad602e24e48041cd04a747c6da556b65c4\windows-amd64\native-platform-file-events.dll
0x00007ff83f0a0000 - 0x00007ff83f0ad000 	C:\Program Files\Java\jdk1.8.0_271\jre\bin\management.dll
0x00007ff875580000 - 0x00007ff875598000 	C:\WINDOWS\SYSTEM32\CRYPTSP.dll
0x00007ff874e10000 - 0x00007ff874e45000 	C:\WINDOWS\system32\rsaenh.dll
0x00007ff875430000 - 0x00007ff875459000 	C:\WINDOWS\SYSTEM32\USERENV.dll
0x00007ff875700000 - 0x00007ff875727000 	C:\WINDOWS\SYSTEM32\bcrypt.dll
0x00007ff876570000 - 0x00007ff8765f0000 	C:\WINDOWS\System32\bcryptprimitives.dll
0x00007ff8755a0000 - 0x00007ff8755ac000 	C:\WINDOWS\SYSTEM32\CRYPTBASE.dll
0x00007ff874980000 - 0x00007ff8749ad000 	C:\WINDOWS\SYSTEM32\IPHLPAPI.DLL
0x00007ff877980000 - 0x00007ff877989000 	C:\WINDOWS\System32\NSI.dll
0x00007ff872050000 - 0x00007ff872069000 	C:\WINDOWS\SYSTEM32\dhcpcsvc6.DLL
0x00007ff872030000 - 0x00007ff87204e000 	C:\WINDOWS\SYSTEM32\dhcpcsvc.DLL
0x00007ff8749b0000 - 0x00007ff874a97000 	C:\WINDOWS\SYSTEM32\DNSAPI.dll
0x00007ff870eb0000 - 0x00007ff870ebc000 	C:\WINDOWS\SYSTEM32\WINNSI.DLL
0x00007ff8738c0000 - 0x00007ff873ae1000 	C:\WINDOWS\SYSTEM32\dbghelp.dll

VM Arguments:
jvm_args: -Xmx1536m -Dfile.encoding=windows-1252 -Duser.country=US -Duser.language=en -Duser.variant 
java_command: org.gradle.launcher.daemon.bootstrap.GradleDaemon 6.7.1
java_class_path (initial): C:\Users\Hung\.gradle\wrapper\dists\gradle-6.7.1-all\2moa8rlfac5eqlcfgk98k0deb\gradle-6.7.1\lib\gradle-launcher-6.7.1.jar
Launcher Type: SUN_STANDARD

Environment Variables:
PATH=C:\ProgramData\Oracle\Java\javapath;C:\Program Files (x86)\Common Files\Oracle\Java\javapath;C:\WINDOWS\system32;C:\WINDOWS;C:\WINDOWS\System32\Wbem;C:\WINDOWS\System32\WindowsPowerShell\v1.0\;C:\WINDOWS\System32\OpenSSH\;C:\Program Files (x86)\NVIDIA Corporation\PhysX\Common;C:\WINDOWS\system32;C:\WINDOWS;C:\WINDOWS\System32\Wbem;C:\WINDOWS\System32\WindowsPowerShell\v1.0\;C:\WINDOWS\System32\OpenSSH\;C:\Program Files\Git\cmd;C:\Users\Hung\AppData\Local\Microsoft\WindowsApps;
USERNAME=Hung
OS=Windows_NT
PROCESSOR_IDENTIFIER=Intel64 Family 6 Model 158 Stepping 10, GenuineIntel



---------------  S Y S T E M  ---------------

OS: Windows 10.0 , 64 bit Build 22000 (10.0.22000.37)

CPU:total 8 (initial active 8) (4 cores per cpu, 2 threads per core) family 6 model 158 stepping 10, cmov, cx8, fxsr, mmx, sse, sse2, sse3, ssse3, sse4.1, sse4.2, popcnt, avx, avx2, aes, clmul, erms, 3dnowpref, lzcnt, ht, tsc, tscinvbit, bmi1, bmi2, adx

Memory: 4k page, physical 16614580k(2299660k free), swap 16614580k(5960k free)

vm_info: Java HotSpot(TM) 64-Bit Server VM (25.271-b09) for windows-amd64 JRE (1.8.0_271-b09), built on Sep 16 2020 19:14:59 by "" with MS VC++ 15.9 (VS2017)

time: Tue Jul 13 13:57:43 2021
timezone: SE Asia Standard Time
elapsed time: 18.759471 seconds (0d 0h 0m 18s)

